Unity/Library/Bee/Android/Prj/IL2CPP/Gradle/unityLibrary/build/intermediates/manifest_merge_blame_file/debug/manifest-merger-blame-debug-report.txt
1<?xml version="1.0" encoding="utf-8"?>
2<manifest xmlns:android="http://schemas.android.com/apk/res/android"
3    xmlns:tools="http://schemas.android.com/tools"
4    package="com.unity3d.player" >
5
6    <uses-sdk
7        android:minSdkVersion="29"
7-->src\main\AndroidManifest.xml
8        android:targetSdkVersion="32" />
8-->src\main\AndroidManifest.xml
9
10    <uses-permission android:name="android.permission.INTERNET" />
10-->src\main\AndroidManifest.xml:3:3-65
10-->src\main\AndroidManifest.xml:3:20-62
11    <uses-permission android:name="android.permission.ACCESS_NETWORK_STATE" />
11-->src\main\AndroidManifest.xml:4:3-77
11-->src\main\AndroidManifest.xml:4:20-74
12
13    <uses-feature android:glEsVersion="0x00030000" />
13-->src\main\AndroidManifest.xml:5:3-52
13-->src\main\AndroidManifest.xml:5:17-49
14    <uses-feature
14-->src\main\AndroidManifest.xml:6:3-88
15        android:name="android.hardware.touchscreen"
15-->src\main\AndroidManifest.xml:6:17-60
16        android:required="false" />
16-->src\main\AndroidManifest.xml:6:61-85
17    <uses-feature
17-->src\main\AndroidManifest.xml:7:3-99
18        android:name="android.hardware.touchscreen.multitouch"
18-->src\main\AndroidManifest.xml:7:17-71
19        android:required="false" />
19-->src\main\AndroidManifest.xml:7:72-96
20    <uses-feature
20-->src\main\AndroidManifest.xml:8:3-108
21        android:name="android.hardware.touchscreen.multitouch.distinct"
21-->src\main\AndroidManifest.xml:8:17-80
22        android:required="false" />
22-->src\main\AndroidManifest.xml:8:81-105
23
24    <uses-permission android:name="android.permission.CAMERA" />
24-->src\main\AndroidManifest.xml:28:3-63
24-->src\main\AndroidManifest.xml:28:20-60
25
26    <uses-feature
26-->src\main\AndroidManifest.xml:29:3-85
27        android:name="android.hardware.camera.ar"
27-->src\main\AndroidManifest.xml:29:17-58
28        android:required="true" />
28-->src\main\AndroidManifest.xml:29:59-82
29    <uses-feature
29-->src\main\AndroidManifest.xml:30:3-83
30        android:name="com.google.ar.core.depth"
30-->src\main\AndroidManifest.xml:30:17-56
31        android:required="true" />
31-->src\main\AndroidManifest.xml:30:57-80
32
33    <application android:extractNativeLibs="true" >
33-->src\main\AndroidManifest.xml:9:3-27:17
33-->src\main\AndroidManifest.xml:9:16-48
34        <meta-data
34-->src\main\AndroidManifest.xml:10:5-69
35            android:name="unity.splash-mode"
35-->src\main\AndroidManifest.xml:10:16-48
36            android:value="0" />
36-->src\main\AndroidManifest.xml:10:49-66
37        <meta-data
37-->src\main\AndroidManifest.xml:11:5-74
38            android:name="unity.splash-enable"
38-->src\main\AndroidManifest.xml:11:16-50
39            android:value="True" />
39-->src\main\AndroidManifest.xml:11:51-71
40        <meta-data
40-->src\main\AndroidManifest.xml:12:5-78
41            android:name="unity.launch-fullscreen"
41-->src\main\AndroidManifest.xml:12:16-54
42            android:value="True" />
42-->src\main\AndroidManifest.xml:12:55-75
43        <meta-data
43-->src\main\AndroidManifest.xml:13:5-84
44            android:name="unity.allow-resizable-window"
44-->src\main\AndroidManifest.xml:13:16-59
45            android:value="False" />
45-->src\main\AndroidManifest.xml:13:60-81
46        <meta-data
46-->src\main\AndroidManifest.xml:14:5-81
47            android:name="notch.config"
47-->src\main\AndroidManifest.xml:14:16-43
48            android:value="portrait|landscape" />
48-->src\main\AndroidManifest.xml:14:44-78
49        <meta-data
49-->src\main\AndroidManifest.xml:15:5-84
50            android:name="unity.auto-report-fully-drawn"
50-->src\main\AndroidManifest.xml:15:16-60
51            android:value="true" />
51-->src\main\AndroidManifest.xml:15:61-81
52
53        <activity
53-->src\main\AndroidManifest.xml:16:5-24:16
54            android:name="com.unity3d.player.UnityPlayerActivity"
54-->src\main\AndroidManifest.xml:16:15-68
55            android:configChanges="mcc|mnc|locale|touchscreen|keyboard|keyboardHidden|navigation|orientation|screenLayout|uiMode|screenSize|smallestScreenSize|fontScale|layoutDirection|density"
55-->src\main\AndroidManifest.xml:16:185-366
56            android:exported="true"
56-->src\main\AndroidManifest.xml:16:438-461
57            android:hardwareAccelerated="false"
57-->src\main\AndroidManifest.xml:16:402-437
58            android:launchMode="singleTask"
58-->src\main\AndroidManifest.xml:16:153-184
59            android:resizeableActivity="false"
59-->src\main\AndroidManifest.xml:16:367-401
60            android:screenOrientation="userLandscape"
60-->src\main\AndroidManifest.xml:16:111-152
61            android:theme="@style/UnityThemeSelector" >
61-->src\main\AndroidManifest.xml:16:69-110
62            <intent-filter>
62-->src\main\AndroidManifest.xml:17:7-20:23
63                <category android:name="android.intent.category.LAUNCHER" />
63-->src\main\AndroidManifest.xml:18:9-69
63-->src\main\AndroidManifest.xml:18:19-66
64
65                <action android:name="android.intent.action.MAIN" />
65-->src\main\AndroidManifest.xml:19:9-61
65-->src\main\AndroidManifest.xml:19:17-58
66            </intent-filter>
67
68            <meta-data
68-->src\main\AndroidManifest.xml:21:7-82
69                android:name="unityplayer.UnityActivity"
69-->src\main\AndroidManifest.xml:21:18-58
70                android:value="true" />
70-->src\main\AndroidManifest.xml:21:59-79
71            <meta-data
71-->src\main\AndroidManifest.xml:22:7-70
72                android:name="notch_support"
72-->src\main\AndroidManifest.xml:22:18-46
73                android:value="true" />
73-->src\main\AndroidManifest.xml:22:47-67
74
75            <layout
75-->src\main\AndroidManifest.xml:23:7-129
76                android:defaultHeight="1080px"
76-->src\main\AndroidManifest.xml:23:45-75
77                android:defaultWidth="1920px"
77-->src\main\AndroidManifest.xml:23:15-44
78                android:minHeight="300px"
78-->src\main\AndroidManifest.xml:23:101-126
79                android:minWidth="400px" />
79-->src\main\AndroidManifest.xml:23:76-100
80        </activity>
81
82        <meta-data
82-->src\main\AndroidManifest.xml:25:5-88
83            android:name="unityplayer.SkipPermissionsDialog"
83-->src\main\AndroidManifest.xml:25:16-64
84            android:value="true" />
84-->src\main\AndroidManifest.xml:25:65-85
85        <meta-data
85-->src\main\AndroidManifest.xml:26:5-77
86            android:name="com.google.ar.core"
86-->src\main\AndroidManifest.xml:26:16-49
87            android:value="required" />
87-->src\main\AndroidManifest.xml:26:50-74
88    </application>
89
90</manifest>